<?xml version="1.0" encoding="UTF-8"?>
<testng-results ignored="0" total="1" passed="1" failed="0" skipped="0">
  <reporter-output>
  </reporter-output>
  <suite started-at="2025-03-06T11:39:03 IST" name="Surefire suite" finished-at="2025-03-06T11:39:03 IST" duration-ms="99">
    <groups>
    </groups>
    <test started-at="2025-03-06T11:39:03 IST" name="Surefire test" finished-at="2025-03-06T11:39:03 IST" duration-ms="99">
      <class name="com.syd.TestNGDemo">
        <test-method is-config="true" signature="beforeMethod()[pri:0, instance:com.syd.TestNGDemo@7c469c48]" started-at="2025-03-06T11:39:03 IST" name="beforeMethod" finished-at="2025-03-06T11:39:03 IST" duration-ms="11" status="PASS">
          <reporter-output>
          </reporter-output>
        </test-method> <!-- beforeMethod -->
        <test-method signature="myTest()[pri:0, instance:com.syd.TestNGDemo@7c469c48]" started-at="2025-03-06T11:39:03 IST" name="myTest" finished-at="2025-03-06T11:39:03 IST" duration-ms="5" status="PASS">
          <reporter-output>
          </reporter-output>
        </test-method> <!-- myTest -->
        <test-method is-config="true" signature="afterMethod()[pri:0, instance:com.syd.TestNGDemo@7c469c48]" started-at="2025-03-06T11:39:03 IST" name="afterMethod" finished-at="2025-03-06T11:39:03 IST" duration-ms="7" status="PASS">
          <reporter-output>
          </reporter-output>
        </test-method> <!-- afterMethod -->
      </class> <!-- com.syd.TestNGDemo -->
    </test> <!-- Surefire test -->
  </suite> <!-- Surefire suite -->
</testng-results>
