<?xml version="1.0" encoding="UTF-8"?>
<testng-results ignored="0" total="1" passed="1" failed="0" skipped="0">
  <reporter-output>
  </reporter-output>
  <suite started-at="2025-03-07T11:58:40 IST" name="Gmail-Suite" finished-at="2025-03-07T11:59:03 IST" duration-ms="23185">
    <groups>
    </groups>
    <test started-at="2025-03-07T11:58:40 IST" name="Gamil-Test" finished-at="2025-03-07T11:59:03 IST" duration-ms="23185">
      <class name="com.sydulu.GoogleTest">
        <test-method is-config="true" signature="driverUtils(java.lang.String,java.lang.String)[pri:0, instance:com.sydulu.GoogleTest@10683d9d]" started-at="2025-03-07T11:58:40 IST" name="driverUtils" finished-at="2025-03-07T11:58:48 IST" duration-ms="7757" status="PASS">
          <params>
            <param index="0">
              <value>
                <![CDATA[chrome]]>
              </value>
            </param>
            <param index="1">
              <value>
                <![CDATA[https://www.google.co.in/]]>
              </value>
            </param>
          </params>
          <reporter-output>
          </reporter-output>
        </test-method> <!-- driverUtils -->
        <test-method signature="gmailLoginTest(org.testng.ITestContext,java.lang.String)[pri:0, instance:com.sydulu.GoogleTest@10683d9d]" started-at="2025-03-07T11:58:48 IST" name="gmailLoginTest" finished-at="2025-03-07T11:59:03 IST" duration-ms="15322" status="PASS">
          <params>
            <param index="0">
              <value>
                <![CDATA[org.testng.TestRunner@4a891c97]]>
              </value>
            </param>
            <param index="1">
              <value>
                <![CDATA[Npemail@gmail.com]]>
              </value>
            </param>
          </params>
          <reporter-output>
          </reporter-output>
        </test-method> <!-- gmailLoginTest -->
        <test-method is-config="true" signature="closeBrowser()[pri:0, instance:com.sydulu.GoogleTest@10683d9d]" started-at="2025-03-07T11:59:03 IST" name="closeBrowser" finished-at="2025-03-07T11:59:03 IST" duration-ms="9" status="PASS">
          <reporter-output>
          </reporter-output>
        </test-method> <!-- closeBrowser -->
      </class> <!-- com.sydulu.GoogleTest -->
    </test> <!-- Gamil-Test -->
  </suite> <!-- Gmail-Suite -->
</testng-results>
